[?25l[2K[1G[36m?[39m [1mConfirm deploy to network base-sepolia (84532)?[22m [90mโบ[39m [90m(y/N)[39m[2K[1G[2K[1G[32mโ[39m [1mConfirm deploy to network base-sepolia (84532)?[22m [90mโฆ[39m yes
[?25h ยท------------------------------------|--------------------------------|--------------------------------ยท
 |  Solc version: 0.8.28              ยท  Optimizer enabled: true       ยท  Runs: 200                     โ
 ยทยทยทยทยทยทยทยทยทยทยทยทยทยทยทยทยทยทยทยทยทยทยทยทยทยทยทยทยทยทยทยทยทยทยทยทยท|ยทยทยทยทยทยทยทยทยทยทยทยทยทยทยทยทยทยทยทยทยทยทยทยทยทยทยทยทยทยทยทยท|ยทยทยทยทยทยทยทยทยทยทยทยทยทยทยทยทยทยทยทยทยทยทยทยทยทยทยทยทยทยทยทยทยท
 |  Contract Name                     ยท  Deployed size (KiB) (change)  ยท  Initcode size (KiB) (change)  โ
 ยทยทยทยทยทยทยทยทยทยทยทยทยทยทยทยทยทยทยทยทยทยทยทยทยทยทยทยทยทยทยทยทยทยทยทยทยท|ยทยทยทยทยทยทยทยทยทยทยทยทยทยทยทยทยทยทยทยทยทยทยทยทยทยทยทยทยทยทยทยท|ยทยทยทยทยทยทยทยทยทยทยทยทยทยทยทยทยทยทยทยทยทยทยทยทยทยทยทยทยทยทยทยทยท
 |  Arrays                            ยท                 0.084 (0.000)  ยท                 0.138 (0.000)  โ
 ยทยทยทยทยทยทยทยทยทยทยทยทยทยทยทยทยทยทยทยทยทยทยทยทยทยทยทยทยทยทยทยทยทยทยทยทยท|ยทยทยทยทยทยทยทยทยทยทยทยทยทยทยทยทยทยทยทยทยทยทยทยทยทยทยทยทยทยทยทยท|ยทยทยทยทยทยทยทยทยทยทยทยทยทยทยทยทยทยทยทยทยทยทยทยทยทยทยทยทยทยทยทยทยท
 |  Base64                            ยท                 0.084 (0.000)  ยท                 0.138 (0.000)  โ
 ยทยทยทยทยทยทยทยทยทยทยทยทยทยทยทยทยทยทยทยทยทยทยทยทยทยทยทยทยทยทยทยทยทยทยทยทยท|ยทยทยทยทยทยทยทยทยทยทยทยทยทยทยทยทยทยทยทยทยทยทยทยทยทยทยทยทยทยทยทยท|ยทยทยทยทยทยทยทยทยทยทยทยทยทยทยทยทยทยทยทยทยทยทยทยทยทยทยทยทยทยทยทยทยท
 |  CadenceArchCaller                 ยท                 0.475 (0.000)  ยท                 0.505 (0.000)  โ
 ยทยทยทยทยทยทยทยทยทยทยทยทยทยทยทยทยทยทยทยทยทยทยทยทยทยทยทยทยทยทยทยทยทยทยทยทยท|ยทยทยทยทยทยทยทยทยทยทยทยทยทยทยทยทยทยทยทยทยทยทยทยทยทยทยทยทยทยทยทยท|ยทยทยทยทยทยทยทยทยทยทยทยทยทยทยทยทยทยทยทยทยทยทยทยทยทยทยทยทยทยทยทยทยท
 |  Comparators                       ยท                 0.084 (0.000)  ยท                 0.138 (0.000)  โ
 ยทยทยทยทยทยทยทยทยทยทยทยทยทยทยทยทยทยทยทยทยทยทยทยทยทยทยทยทยทยทยทยทยทยทยทยทยท|ยทยทยทยทยทยทยทยทยทยทยทยทยทยทยทยทยทยทยทยทยทยทยทยทยทยทยทยทยทยทยทยท|ยทยทยทยทยทยทยทยทยทยทยทยทยทยทยทยทยทยทยทยทยทยทยทยทยทยทยทยทยทยทยทยทยท
 |  console                           ยท                 0.084 (0.000)  ยท                 0.138 (0.000)  โ
 ยทยทยทยทยทยทยทยทยทยทยทยทยทยทยทยทยทยทยทยทยทยทยทยทยทยทยทยทยทยทยทยทยทยทยทยทยท|ยทยทยทยทยทยทยทยทยทยทยทยทยทยทยทยทยทยทยทยทยทยทยทยทยทยทยทยทยทยทยทยท|ยทยทยทยทยทยทยทยทยทยทยทยทยทยทยทยทยทยทยทยทยทยทยทยทยทยทยทยทยทยทยทยทยท
 |  DroneYard                         ยท                 5.896 (0.000)  ยท                 6.192 (0.000)  โ
 ยทยทยทยทยทยทยทยทยทยทยทยทยทยทยทยทยทยทยทยทยทยทยทยทยทยทยทยทยทยทยทยทยทยทยทยทยท|ยทยทยทยทยทยทยทยทยทยทยทยทยทยทยทยทยทยทยทยทยทยทยทยทยทยทยทยทยทยทยทยท|ยทยทยทยทยทยทยทยทยทยทยทยทยทยทยทยทยทยทยทยทยทยทยทยทยทยทยทยทยทยทยทยทยท
 |  EnumerableSet                     ยท                 0.084 (0.000)  ยท                 0.138 (0.000)  โ
 ยทยทยทยทยทยทยทยทยทยทยทยทยทยทยทยทยทยทยทยทยทยทยทยทยทยทยทยทยทยทยทยทยทยทยทยทยท|ยทยทยทยทยทยทยทยทยทยทยทยทยทยทยทยทยทยทยทยทยทยทยทยทยทยทยทยทยทยทยทยท|ยทยทยทยทยทยทยทยทยทยทยทยทยทยทยทยทยทยทยทยทยทยทยทยทยทยทยทยทยทยทยทยทยท
 |  ERC721Utils                       ยท                 0.084 (0.000)  ยท                 0.138 (0.000)  โ
 ยทยทยทยทยทยทยทยทยทยทยทยทยทยทยทยทยทยทยทยทยทยทยทยทยทยทยทยทยทยทยทยทยทยทยทยทยท|ยทยทยทยทยทยทยทยทยทยทยทยทยทยทยทยทยทยทยทยทยทยทยทยทยทยทยทยทยทยทยทยท|ยทยทยทยทยทยทยทยทยทยทยทยทยทยทยทยทยทยทยทยทยทยทยทยทยทยทยทยทยทยทยทยทยท
 |  Fleets                            ยท                 7.180 (0.000)  ยท                 7.448 (0.000)  โ
 ยทยทยทยทยทยทยทยทยทยทยทยทยทยทยทยทยทยทยทยทยทยทยทยทยทยทยทยทยทยทยทยทยทยทยทยทยท|ยทยทยทยทยทยทยทยทยทยทยทยทยทยทยทยทยทยทยทยทยทยทยทยทยทยทยทยทยทยทยทยท|ยทยทยทยทยทยทยทยทยทยทยทยทยทยทยทยทยทยทยทยทยทยทยทยทยทยทยทยทยทยทยทยทยท
 |  Game                              ยท                23.952 (0.000)  ยท                24.263 (0.000)  โ
 ยทยทยทยทยทยทยทยทยทยทยทยทยทยทยทยทยทยทยทยทยทยทยทยทยทยทยทยทยทยทยทยทยทยทยทยทยท|ยทยทยทยทยทยทยทยทยทยทยทยทยทยทยทยทยทยทยทยทยทยทยทยทยทยทยทยทยทยทยทยท|ยทยทยทยทยทยทยทยทยทยทยทยทยทยทยทยทยทยทยทยทยทยทยทยทยทยทยทยทยทยทยทยทยท
 |  GameResults                       ยท                 2.870 (0.000)  ยท                 3.026 (0.000)  โ
 ยทยทยทยทยทยทยทยทยทยทยทยทยทยทยทยทยทยทยทยทยทยทยทยทยทยทยทยทยทยทยทยทยทยทยทยทยท|ยทยทยทยทยทยทยทยทยทยทยทยทยทยทยทยทยทยทยทยทยทยทยทยทยทยทยทยทยทยทยทยท|ยทยทยทยทยทยทยทยทยทยทยทยทยทยทยทยทยทยทยทยทยทยทยทยทยทยทยทยทยทยทยทยทยท
 |  GenerateNewShip                   ยท                 4.720 (0.000)  ยท                 4.855 (0.000)  โ
 ยทยทยทยทยทยทยทยทยทยทยทยทยทยทยทยทยทยทยทยทยทยทยทยทยทยทยทยทยทยทยทยทยทยทยทยทยท|ยทยทยทยทยทยทยทยทยทยทยทยทยทยทยทยทยทยทยทยทยทยทยทยทยทยทยทยทยทยทยทยท|ยทยทยทยทยทยทยทยทยทยทยทยทยทยทยทยทยทยทยทยทยทยทยทยทยทยทยทยทยทยทยทยทยท
 |  ImageRenderer                     ยท                 4.356 (0.000)  ยท                 4.667 (0.000)  โ
 ยทยทยทยทยทยทยทยทยทยทยทยทยทยทยทยทยทยทยทยทยทยทยทยทยทยทยทยทยทยทยทยทยทยทยทยทยท|ยทยทยทยทยทยทยทยทยทยทยทยทยทยทยทยทยทยทยทยทยทยทยทยทยทยทยทยทยทยทยทยท|ยทยทยทยทยทยทยทยทยทยทยทยทยทยทยทยทยทยทยทยทยทยทยทยทยทยทยทยทยทยทยทยทยท
 |  Lobbies                           ยท                14.743 (0.000)  ยท                15.038 (0.000)  โ
 ยทยทยทยทยทยทยทยทยทยทยทยทยทยทยทยทยทยทยทยทยทยทยทยทยทยทยทยทยทยทยทยทยทยทยทยทยท|ยทยทยทยทยทยทยทยทยทยทยทยทยทยทยทยทยทยทยทยทยทยทยทยทยทยทยทยทยทยทยทยท|ยทยทยทยทยทยทยทยทยทยทยทยทยทยทยทยทยทยทยทยทยทยทยทยทยทยทยทยทยทยทยทยทยท
 |  Maps                              ยท                12.171 (0.000)  ยท                12.327 (0.000)  โ
 ยทยทยทยทยทยทยทยทยทยทยทยทยทยทยทยทยทยทยทยทยทยทยทยทยทยทยทยทยทยทยทยทยทยทยทยทยท|ยทยทยทยทยทยทยทยทยทยทยทยทยทยทยทยทยทยทยทยทยทยทยทยทยทยทยทยทยทยทยทยท|ยทยทยทยทยทยทยทยทยทยทยทยทยทยทยทยทยทยทยทยทยทยทยทยทยทยทยทยทยทยทยทยทยท
 |  Math                              ยท                 0.084 (0.000)  ยท                 0.138 (0.000)  โ
 ยทยทยทยทยทยทยทยทยทยทยทยทยทยทยทยทยทยทยทยทยทยทยทยทยทยทยทยทยทยทยทยทยทยทยทยทยท|ยทยทยทยทยทยทยทยทยทยทยทยทยทยทยทยทยทยทยทยทยทยทยทยทยทยทยทยทยทยทยทยท|ยทยทยทยทยทยทยทยทยทยทยทยทยทยทยทยทยทยทยทยทยทยทยทยทยทยทยทยทยทยทยทยทยท
 |  MockOnchainRandomShipNames        ยท                 0.328 (0.000)  ยท                 0.358 (0.000)  โ
 ยทยทยทยทยทยทยทยทยทยทยทยทยทยทยทยทยทยทยทยทยทยทยทยทยทยทยทยทยทยทยทยทยทยทยทยทยท|ยทยทยทยทยทยทยทยทยทยทยทยทยทยทยทยทยทยทยทยทยทยทยทยทยทยทยทยทยทยทยทยท|ยทยทยทยทยทยทยทยทยทยทยทยทยทยทยทยทยทยทยทยทยทยทยทยทยทยทยทยทยทยทยทยทยท
 |  MockShipNames                     ยท                 0.732 (0.000)  ยท                 2.381 (0.000)  โ
 ยทยทยทยทยทยทยทยทยทยทยทยทยทยทยทยทยทยทยทยทยทยทยทยทยทยทยทยทยทยทยทยทยทยทยทยทยท|ยทยทยทยทยทยทยทยทยทยทยทยทยทยทยทยทยทยทยทยทยทยทยทยทยทยทยทยทยทยทยทยท|ยทยทยทยทยทยทยทยทยทยทยทยทยทยทยทยทยทยทยทยทยทยทยทยทยทยทยทยทยทยทยทยทยท
 |  MockTutorialGameResults           ยท                 0.414 (0.000)  ยท                 0.444 (0.000)  โ
 ยทยทยทยทยทยทยทยทยทยทยทยทยทยทยทยทยทยทยทยทยทยทยทยทยทยทยทยทยทยทยทยทยทยทยทยทยท|ยทยทยทยทยทยทยทยทยทยทยทยทยทยทยทยทยทยทยทยทยทยทยทยทยทยทยทยทยทยทยทยท|ยทยทยทยทยทยทยทยทยทยทยทยทยทยทยทยทยทยทยทยทยทยทยทยทยทยทยทยทยทยทยทยทยท
 |  MockTutorialReentrantGameResults  ยท                 0.398 (0.000)  ยท                 0.429 (0.000)  โ
 ยทยทยทยทยทยทยทยทยทยทยทยทยทยทยทยทยทยทยทยทยทยทยทยทยทยทยทยทยทยทยทยทยทยทยทยทยท|ยทยทยทยทยทยทยทยทยทยทยทยทยทยทยทยทยทยทยทยทยทยทยทยทยทยทยทยทยทยทยทยท|ยทยทยทยทยทยทยทยทยทยทยทยทยทยทยทยทยทยทยทยทยทยทยทยทยทยทยทยทยทยทยทยทยท
 |  MockTutorialShips                 ยท                 5.316 (0.000)  ยท                 5.352 (0.000)  โ
 ยทยทยทยทยทยทยทยทยทยทยทยทยทยทยทยทยทยทยทยทยทยทยทยทยทยทยทยทยทยทยทยทยทยทยทยทยท|ยทยทยทยทยทยทยทยทยทยทยทยทยทยทยทยทยทยทยทยทยทยทยทยทยทยทยทยทยทยทยทยท|ยทยทยทยทยทยทยทยทยทยทยทยทยทยทยทยทยทยทยทยทยทยทยทยทยทยทยทยทยทยทยทยทยท
 |  Panic                             ยท                 0.084 (0.000)  ยท                 0.138 (0.000)  โ
 ยทยทยทยทยทยทยทยทยทยทยทยทยทยทยทยทยทยทยทยทยทยทยทยทยทยทยทยทยทยทยทยทยทยทยทยทยท|ยทยทยทยทยทยทยทยทยทยทยทยทยทยทยทยทยทยทยทยทยทยทยทยทยทยทยทยทยทยทยทยท|ยทยทยทยทยทยทยทยทยทยทยทยทยทยทยทยทยทยทยทยทยทยทยทยทยทยทยทยทยทยทยทยทยท
 |  RandomManager                     ยท                 0.392 (0.000)  ยท                 0.422 (0.000)  โ
 ยทยทยทยทยทยทยทยทยทยทยทยทยทยทยทยทยทยทยทยทยทยทยทยทยทยทยทยทยทยทยทยทยทยทยทยทยท|ยทยทยทยทยทยทยทยทยทยทยทยทยทยทยทยทยทยทยทยทยทยทยทยทยทยทยทยทยทยทยทยท|ยทยทยทยทยทยทยทยทยทยทยทยทยทยทยทยทยทยทยทยทยทยทยทยทยทยทยทยทยทยทยทยทยท
 |  RenderAft                         ยท                 2.586 (0.000)  ยท                 3.211 (0.000)  โ
 ยทยทยทยทยทยทยทยทยทยทยทยทยทยทยทยทยทยทยทยทยทยทยทยทยทยทยทยทยทยทยทยทยทยทยทยทยท|ยทยทยทยทยทยทยทยทยทยทยทยทยทยทยทยทยทยทยทยทยทยทยทยทยทยทยทยทยทยทยทยท|ยทยทยทยทยทยทยทยทยทยทยทยทยทยทยทยทยทยทยทยทยทยทยทยทยทยทยทยทยทยทยทยทยท
 |  RenderAft0                        ยท                15.229 (0.000)  ยท                15.260 (0.000)  โ
 ยทยทยทยทยทยทยทยทยทยทยทยทยทยทยทยทยทยทยทยทยทยทยทยทยทยทยทยทยทยทยทยทยทยทยทยทยท|ยทยทยทยทยทยทยทยทยทยทยทยทยทยทยทยทยทยทยทยทยทยทยทยทยทยทยทยทยทยทยทยท|ยทยทยทยทยทยทยทยทยทยทยทยทยทยทยทยทยทยทยทยทยทยทยทยทยทยทยทยทยทยทยทยทยท
 |  RenderAft1                        ยท                18.696 (0.000)  ยท                18.727 (0.000)  โ
 ยทยทยทยทยทยทยทยทยทยทยทยทยทยทยทยทยทยทยทยทยทยทยทยทยทยทยทยทยทยทยทยทยทยทยทยทยท|ยทยทยทยทยทยทยทยทยทยทยทยทยทยทยทยทยทยทยทยทยทยทยทยทยทยทยทยทยทยทยทยท|ยทยทยทยทยทยทยทยทยทยทยทยทยทยทยทยทยทยทยทยทยทยทยทยทยทยทยทยทยทยทยทยทยท
 |  RenderAft2                        ยท                22.813 (0.000)  ยท                22.844 (0.000)  โ
 ยทยทยทยทยทยทยทยทยทยทยทยทยทยทยทยทยทยทยทยทยทยทยทยทยทยทยทยทยทยทยทยทยทยทยทยทยท|ยทยทยทยทยทยทยทยทยทยทยทยทยทยทยทยทยทยทยทยทยทยทยทยทยทยทยทยทยทยทยทยท|ยทยทยทยทยทยทยทยทยทยทยทยทยทยทยทยทยทยทยทยทยทยทยทยทยทยทยทยทยทยทยทยทยท
 |  RenderArmor1                      ยท                21.977 (0.000)  ยท                22.007 (0.000)  โ
 ยทยทยทยทยทยทยทยทยทยทยทยทยทยทยทยทยทยทยทยทยทยทยทยทยทยทยทยทยทยทยทยทยทยทยทยทยท|ยทยทยทยทยทยทยทยทยทยทยทยทยทยทยทยทยทยทยทยทยทยทยทยทยทยทยทยทยทยทยทยท|ยทยทยทยทยทยทยทยทยทยทยทยทยทยทยทยทยทยทยทยทยทยทยทยทยทยทยทยทยทยทยทยทยท
 |  RenderArmor2                      ยท                20.082 (0.000)  ยท                20.112 (0.000)  โ
 ยทยทยทยทยทยทยทยทยทยทยทยทยทยทยทยทยทยทยทยทยทยทยทยทยทยทยทยทยทยทยทยทยทยทยทยทยท|ยทยทยทยทยทยทยทยทยทยทยทยทยทยทยทยทยทยทยทยทยทยทยทยทยทยทยทยทยทยทยทยท|ยทยทยทยทยทยทยทยทยทยทยทยทยทยทยทยทยทยทยทยทยทยทยทยทยทยทยทยทยทยทยทยทยท
 |  RenderArmor3                      ยท                23.922 (0.000)  ยท                23.952 (0.000)  โ
 ยทยทยทยทยทยทยทยทยทยทยทยทยทยทยทยทยทยทยทยทยทยทยทยทยทยทยทยทยทยทยทยทยทยทยทยทยท|ยทยทยทยทยทยทยทยทยทยทยทยทยทยทยทยทยทยทยทยทยทยทยทยทยทยทยทยทยทยทยทยท|ยทยทยทยทยทยทยทยทยทยทยทยทยทยทยทยทยทยทยทยทยทยทยทยทยทยทยทยทยทยทยทยทยท
 |  RenderBaseBody                    ยท                20.974 (0.000)  ยท                21.004 (0.000)  โ
 ยทยทยทยทยทยทยทยทยทยทยทยทยทยทยทยทยทยทยทยทยทยทยทยทยทยทยทยทยทยทยทยทยทยทยทยทยท|ยทยทยทยทยทยทยทยทยทยทยทยทยทยทยทยทยทยทยทยทยทยทยทยทยทยทยทยทยทยทยทยท|ยทยทยทยทยทยทยทยทยทยทยทยทยทยทยทยทยทยทยทยทยทยทยทยทยทยทยทยทยทยทยทยทยท
 |  RenderBody                        ยท                 3.479 (0.000)  ยท                 4.390 (0.000)  โ
 ยทยทยทยทยทยทยทยทยทยทยทยทยทยทยทยทยทยทยทยทยทยทยทยทยทยทยทยทยทยทยทยทยทยทยทยทยท|ยทยทยทยทยทยทยทยทยทยทยทยทยทยทยทยทยทยทยทยทยทยทยทยทยทยทยทยทยทยทยทยท|ยทยทยทยทยทยทยทยทยทยทยทยทยทยทยทยทยทยทยทยทยทยทยทยทยทยทยทยทยทยทยทยทยท
 |  RenderFore                        ยท                 2.865 (0.000)  ยท                 3.561 (0.000)  โ
 ยทยทยทยทยทยทยทยทยทยทยทยทยทยทยทยทยทยทยทยทยทยทยทยทยทยทยทยทยทยทยทยทยทยทยทยทยท|ยทยทยทยทยทยทยทยทยทยทยทยทยทยทยทยทยทยทยทยทยทยทยทยทยทยทยทยทยทยทยทยท|ยทยทยทยทยทยทยทยทยทยทยทยทยทยทยทยทยทยทยทยทยทยทยทยทยทยทยทยทยทยทยทยทยท
 |  RenderFore0                       ยท                19.382 (0.000)  ยท                19.412 (0.000)  โ
 ยทยทยทยทยทยทยทยทยทยทยทยทยทยทยทยทยทยทยทยทยทยทยทยทยทยทยทยทยทยทยทยทยทยทยทยทยท|ยทยทยทยทยทยทยทยทยทยทยทยทยทยทยทยทยทยทยทยทยทยทยทยทยทยทยทยทยทยทยทยท|ยทยทยทยทยทยทยทยทยทยทยทยทยทยทยทยทยทยทยทยทยทยทยทยทยทยทยทยทยทยทยทยทยท
 |  RenderFore1                       ยท                21.106 (0.000)  ยท                21.137 (0.000)  โ
 ยทยทยทยทยทยทยทยทยทยทยทยทยทยทยทยทยทยทยทยทยทยทยทยทยทยทยทยทยทยทยทยทยทยทยทยทยท|ยทยทยทยทยทยทยทยทยทยทยทยทยทยทยทยทยทยทยทยทยทยทยทยทยทยทยทยทยทยทยทยท|ยทยทยทยทยทยทยทยทยทยทยทยทยทยทยทยทยทยทยทยทยทยทยทยทยทยทยทยทยทยทยทยทยท
 |  RenderFore2                       ยท                15.223 (0.000)  ยท                15.253 (0.000)  โ
 ยทยทยทยทยทยทยทยทยทยทยทยทยทยทยทยทยทยทยทยทยทยทยทยทยทยทยทยทยทยทยทยทยทยทยทยทยท|ยทยทยทยทยทยทยทยทยทยทยทยทยทยทยทยทยทยทยทยทยทยทยทยทยทยทยทยทยทยทยทยท|ยทยทยทยทยทยทยทยทยทยทยทยทยทยทยทยทยทยทยทยทยทยทยทยทยทยทยทยทยทยทยทยทยท
 |  RenderForePerfect                 ยท                18.310 (0.000)  ยท                18.340 (0.000)  โ
 ยทยทยทยทยทยทยทยทยทยทยทยทยทยทยทยทยทยทยทยทยทยทยทยทยทยทยทยทยทยทยทยทยทยทยทยทยท|ยทยทยทยทยทยทยทยทยทยทยทยทยทยทยทยทยทยทยทยทยทยทยทยทยทยทยทยทยทยทยทยท|ยทยทยทยทยทยทยทยทยทยทยทยทยทยทยทยทยทยทยทยทยทยทยทยทยทยทยทยทยทยทยทยทยท
 |  RenderMetadata                    ยท                 6.512 (0.000)  ยท                 6.647 (0.000)  โ
 ยทยทยทยทยทยทยทยทยทยทยทยทยทยทยทยทยทยทยทยทยทยทยทยทยทยทยทยทยทยทยทยทยทยทยทยทยท|ยทยทยทยทยทยทยทยทยทยทยทยทยทยทยทยทยทยทยทยทยทยทยทยทยทยทยทยทยทยทยทยท|ยทยทยทยทยทยทยทยทยทยทยทยทยทยทยทยทยทยทยทยทยทยทยทยทยทยทยทยทยทยทยทยทยท
 |  RenderShield1                     ยท                22.487 (0.000)  ยท                22.518 (0.000)  โ
 ยทยทยทยทยทยทยทยทยทยทยทยทยทยทยทยทยทยทยทยทยทยทยทยทยทยทยทยทยทยทยทยทยทยทยทยทยท|ยทยทยทยทยทยทยทยทยทยทยทยทยทยทยทยทยทยทยทยทยทยทยทยทยทยทยทยทยทยทยทยท|ยทยทยทยทยทยทยทยทยทยทยทยทยทยทยทยทยทยทยทยทยทยทยทยทยทยทยทยทยทยทยทยทยท
 |  RenderShield2                     ยท                20.001 (0.000)  ยท                20.031 (0.000)  โ
 ยทยทยทยทยทยทยทยทยทยทยทยทยทยทยทยทยทยทยทยทยทยทยทยทยทยทยทยทยทยทยทยทยทยทยทยทยท|ยทยทยทยทยทยทยทยทยทยทยทยทยทยทยทยทยทยทยทยทยทยทยทยทยทยทยทยทยทยทยทยท|ยทยทยทยทยทยทยทยทยทยทยทยทยทยทยทยทยทยทยทยทยทยทยทยทยทยทยทยทยทยทยทยทยท
 |  RenderShield3                     ยท                23.627 (0.000)  ยท                23.657 (0.000)  โ
 ยทยทยทยทยทยทยทยทยทยทยทยทยทยทยทยทยทยทยทยทยทยทยทยทยทยทยทยทยทยทยทยทยทยทยทยทยท|ยทยทยทยทยทยทยทยทยทยทยทยทยทยทยทยทยทยทยทยทยทยทยทยทยทยทยทยทยทยทยทยท|ยทยทยทยทยทยทยทยทยทยทยทยทยทยทยทยทยทยทยทยทยทยทยทยทยทยทยทยทยทยทยทยทยท
 |  RenderSpecial                     ยท                 2.742 (0.000)  ยท                 3.372 (0.000)  โ
 ยทยทยทยทยทยทยทยทยทยทยทยทยทยทยทยทยทยทยทยทยทยทยทยทยทยทยทยทยทยทยทยทยทยทยทยทยท|ยทยทยทยทยทยทยทยทยทยทยทยทยทยทยทยทยทยทยทยทยทยทยทยทยทยทยทยทยทยทยทยท|ยทยทยทยทยทยทยทยทยทยทยทยทยทยทยทยทยทยทยทยทยทยทยทยทยทยทยทยทยทยทยทยทยท
 |  RenderSpecial1                    ยท                23.060 (0.000)  ยท                23.090 (0.000)  โ
 ยทยทยทยทยทยทยทยทยทยทยทยทยทยทยทยทยทยทยทยทยทยทยทยทยทยทยทยทยทยทยทยทยทยทยทยทยท|ยทยทยทยทยทยทยทยทยทยทยทยทยทยทยทยทยทยทยทยทยทยทยทยทยทยทยทยทยทยทยทยท|ยทยทยทยทยทยทยทยทยทยทยทยทยทยทยทยทยทยทยทยทยทยทยทยทยทยทยทยทยทยทยทยทยท
 |  RenderSpecial2                    ยท                14.660 (0.000)  ยท                14.690 (0.000)  โ
 ยทยทยทยทยทยทยทยทยทยทยทยทยทยทยทยทยทยทยทยทยทยทยทยทยทยทยทยทยทยทยทยทยทยทยทยทยท|ยทยทยทยทยทยทยทยทยทยทยทยทยทยทยทยทยทยทยทยทยทยทยทยทยทยทยทยทยทยทยทยท|ยทยทยทยทยทยทยทยทยทยทยทยทยทยทยทยทยทยทยทยทยทยทยทยทยทยทยทยทยทยทยทยทยท
 |  RenderSpecial3                    ยท                23.662 (0.000)  ยท                23.692 (0.000)  โ
 ยทยทยทยทยทยทยทยทยทยทยทยทยทยทยทยทยทยทยทยทยทยทยทยทยทยทยทยทยทยทยทยทยทยทยทยทยท|ยทยทยทยทยทยทยทยทยทยทยทยทยทยทยทยทยทยทยทยทยทยทยทยทยทยทยทยทยทยทยทยท|ยทยทยทยทยทยทยทยทยทยทยทยทยทยทยทยทยทยทยทยทยทยทยทยทยทยทยทยทยทยทยทยทยท
 |  RenderWeapon                      ยท                 2.830 (0.000)  ยท                 3.527 (0.000)  โ
 ยทยทยทยทยทยทยทยทยทยทยทยทยทยทยทยทยทยทยทยทยทยทยทยทยทยทยทยทยทยทยทยทยทยทยทยทยท|ยทยทยทยทยทยทยทยทยทยทยทยทยทยทยทยทยทยทยทยทยทยทยทยทยทยทยทยทยทยทยทยท|ยทยทยทยทยทยทยทยทยทยทยทยทยทยทยทยทยทยทยทยทยทยทยทยทยทยทยทยทยทยทยทยทยท
 |  RenderWeapon1                     ยท                 8.521 (0.000)  ยท                 8.551 (0.000)  โ
 ยทยทยทยทยทยทยทยทยทยทยทยทยทยทยทยทยทยทยทยทยทยทยทยทยทยทยทยทยทยทยทยทยทยทยทยทยท|ยทยทยทยทยทยทยทยทยทยทยทยทยทยทยทยทยทยทยทยทยทยทยทยทยทยทยทยทยทยทยทยท|ยทยทยทยทยทยทยทยทยทยทยทยทยทยทยทยทยทยทยทยทยทยทยทยทยทยทยทยทยทยทยทยทยท
 |  RenderWeapon2                     ยท                10.186 (0.000)  ยท                10.216 (0.000)  โ
 ยทยทยทยทยทยทยทยทยทยทยทยทยทยทยทยทยทยทยทยทยทยทยทยทยทยทยทยทยทยทยทยทยทยทยทยทยท|ยทยทยทยทยทยทยทยทยทยทยทยทยทยทยทยทยทยทยทยทยทยทยทยทยทยทยทยทยทยทยทยท|ยทยทยทยทยทยทยทยทยทยทยทยทยทยทยทยทยทยทยทยทยทยทยทยทยทยทยทยทยทยทยทยทยท
 |  RenderWeapon3                     ยท                20.965 (0.000)  ยท                20.995 (0.000)  โ
 ยทยทยทยทยทยทยทยทยทยทยทยทยทยทยทยทยทยทยทยทยทยทยทยทยทยทยทยทยทยทยทยทยทยทยทยทยท|ยทยทยทยทยทยทยทยทยทยทยทยทยทยทยทยทยทยทยทยทยทยทยทยทยทยทยทยทยทยทยทยท|ยทยทยทยทยทยทยทยทยทยทยทยทยทยทยทยทยทยทยทยทยทยทยทยทยทยทยทยทยทยทยทยทยท
 |  RenderWeapon4                     ยท                16.429 (0.000)  ยท                16.459 (0.000)  โ
 ยทยทยทยทยทยทยทยทยทยทยทยทยทยทยทยทยทยทยทยทยทยทยทยทยทยทยทยทยทยทยทยทยทยทยทยทยท|ยทยทยทยทยทยทยทยทยทยทยทยทยทยทยทยทยทยทยทยทยทยทยทยทยทยทยทยทยทยทยทยท|ยทยทยทยทยทยทยทยทยทยทยทยทยทยทยทยทยทยทยทยทยทยทยทยทยทยทยทยทยทยทยทยทยท
 |  SafeCast                          ยท                 0.084 (0.000)  ยท                 0.138 (0.000)  โ
 ยทยทยทยทยทยทยทยทยทยทยทยทยทยทยทยทยทยทยทยทยทยทยทยทยทยทยทยทยทยทยทยทยทยทยทยทยท|ยทยทยทยทยทยทยทยทยทยทยทยทยทยทยทยทยทยทยทยทยทยทยทยทยทยทยทยทยทยทยทยท|ยทยทยทยทยทยทยทยทยทยทยทยทยทยทยทยทยทยทยทยทยทยทยทยทยทยทยทยทยทยทยทยทยท
 |  ShipAttributes                    ยท                12.061 (0.000)  ยท                16.157 (0.000)  โ
 ยทยทยทยทยทยทยทยทยทยทยทยทยทยทยทยทยทยทยทยทยทยทยทยทยทยทยทยทยทยทยทยทยทยทยทยทยท|ยทยทยทยทยทยทยทยทยทยทยทยทยทยทยทยทยทยทยทยทยทยทยทยทยทยทยทยทยทยทยทยท|ยทยทยทยทยทยทยทยทยทยทยทยทยทยทยทยทยทยทยทยทยทยทยทยทยทยทยทยทยทยทยทยทยท
 |  ShipPurchaser                     ยท                 4.912 (0.000)  ยท                 5.951 (0.000)  โ
 ยทยทยทยทยทยทยทยทยทยทยทยทยทยทยทยทยทยทยทยทยทยทยทยทยทยทยทยทยทยทยทยทยทยทยทยทยท|ยทยทยทยทยทยทยทยทยทยทยทยทยทยทยทยทยทยทยทยทยทยทยทยทยทยทยทยทยทยทยทยท|ยทยทยทยทยทยทยทยทยทยทยทยทยทยทยทยทยทยทยทยทยทยทยทยทยทยทยทยทยทยทยทยทยท
 |  Ships                             ยท                23.986 (0.000)  ยท                25.143 (0.000)  โ
 ยทยทยทยทยทยทยทยทยทยทยทยทยทยทยทยทยทยทยทยทยทยทยทยทยทยทยทยทยทยทยทยทยทยทยทยทยท|ยทยทยทยทยทยทยทยทยทยทยทยทยทยทยทยทยทยทยทยทยทยทยทยทยทยทยทยทยทยทยทยท|ยทยทยทยทยทยทยทยทยทยทยทยทยทยทยทยทยทยทยทยทยทยทยทยทยทยทยทยทยทยทยทยทยท
 |  SignedMath                        ยท                 0.084 (0.000)  ยท                 0.138 (0.000)  โ
 ยทยทยทยทยทยทยทยทยทยทยทยทยทยทยทยทยทยทยทยทยทยทยทยทยทยทยทยทยทยทยทยทยทยทยทยทยท|ยทยทยทยทยทยทยทยทยทยทยทยทยทยทยทยทยทยทยทยทยทยทยทยทยทยทยทยทยทยทยทยท|ยทยทยทยทยทยทยทยทยทยทยทยทยทยทยทยทยทยทยทยทยทยทยทยทยทยทยทยทยทยทยทยทยท
 |  SlotDerivation                    ยท                 0.084 (0.000)  ยท                 0.138 (0.000)  โ
 ยทยทยทยทยทยทยทยทยทยทยทยทยทยทยทยทยทยทยทยทยทยทยทยทยทยทยทยทยทยทยทยทยทยทยทยทยท|ยทยทยทยทยทยทยทยทยทยทยทยทยทยทยทยทยทยทยทยทยทยทยทยทยทยทยทยทยทยทยทยท|ยทยทยทยทยทยทยทยทยทยทยทยทยทยทยทยทยทยทยทยทยทยทยทยทยทยทยทยทยทยทยทยทยท
 |  StorageSlot                       ยท                 0.084 (0.000)  ยท                 0.138 (0.000)  โ
 ยทยทยทยทยทยทยทยทยทยทยทยทยทยทยทยทยทยทยทยทยทยทยทยทยทยทยทยทยทยทยทยทยทยทยทยทยท|ยทยทยทยทยทยทยทยทยทยทยทยทยทยทยทยทยทยทยทยทยทยทยทยทยทยทยทยทยทยทยทยท|ยทยทยทยทยทยทยทยทยทยทยทยทยทยทยทยทยทยทยทยทยทยทยทยทยทยทยทยทยทยทยทยทยท
 |  Strings                           ยท                 0.084 (0.000)  ยท                 0.138 (0.000)  โ
 ยทยทยทยทยทยทยทยทยทยทยทยทยทยทยทยทยทยทยทยทยทยทยทยทยทยทยทยทยทยทยทยทยทยทยทยทยท|ยทยทยทยทยทยทยทยทยทยทยทยทยทยทยทยทยทยทยทยทยทยทยทยทยทยทยทยทยทยทยทยท|ยทยทยทยทยทยทยทยทยทยทยทยทยทยทยทยทยทยทยทยทยทยทยทยทยทยทยทยทยทยทยทยทยท
 |  TutorialClaim                     ยท                 2.802 (0.000)  ยท                 3.064 (0.000)  โ
 ยทยทยทยทยทยทยทยทยทยทยทยทยทยทยทยทยทยทยทยทยทยทยทยทยทยทยทยทยทยทยทยทยทยทยทยทยท|ยทยทยทยทยทยทยทยทยทยทยทยทยทยทยทยทยทยทยทยทยทยทยทยทยทยทยทยทยทยทยทยท|ยทยทยทยทยทยทยทยทยทยทยทยทยทยทยทยทยทยทยทยทยทยทยทยทยทยทยทยทยทยทยทยทยท
 |  UniversalCredits                  ยท                 2.830 (0.000)  ยท                 3.453 (0.000)  โ
 ยท------------------------------------|--------------------------------|--------------------------------ยท
Hardhat Ignition starting for [ DeployModule ]...[2K[1GHardhat Ignition ๐

Resuming existing deployment from ./ignition/deployments/chain-84532

Deploying [ DeployModule ]

Batch #1
  Executing DeployModule#Maps.setGameAddress...
  Executing DeployModule#SetTutorialClaimOnGameResults...
  Executing DeployModule#Ships.setConfig...
  Executing DeployModule#Ships.setIsAllowedToCreateShips...

[6A[0JBatch #1
  Executed DeployModule#Maps.setGameAddress
  Executing DeployModule#SetTutorialClaimOnGameResults...
  Executing DeployModule#Ships.setConfig...
  Executing DeployModule#Ships.setIsAllowedToCreateShips...

[6A[0JBatch #1
  Executed DeployModule#Maps.setGameAddress
  Executed DeployModule#SetTutorialClaimOnGameResults
  Executing DeployModule#Ships.setConfig...
  Executing DeployModule#Ships.setIsAllowedToCreateShips...

[6A[0JBatch #1
  Executed DeployModule#Maps.setGameAddress
  Executed DeployModule#SetTutorialClaimOnGameResults
  Executed DeployModule#Ships.setConfig
  Executing DeployModule#Ships.setIsAllowedToCreateShips...

[6A[0JBatch #1
  Executed DeployModule#Maps.setGameAddress
  Executed DeployModule#SetTutorialClaimOnGameResults
  Executed DeployModule#Ships.setConfig
  Executed DeployModule#Ships.setIsAllowedToCreateShips

[6A[0JBatch #1
  Executed DeployModule#Maps.setGameAddress
  Executed DeployModule#SetTutorialClaimOnGameResults
  Executed DeployModule#Ships.setConfig
  Executed DeployModule#Ships.setIsAllowedToCreateShips

[ DeployModule ] successfully deployed ๐

Deployed Addresses

DeployModule#GameResults - 0x46910B356A6ff4cc9255973aa735b2a1020bde13
DeployModule#GenerateNewShip - 0xC88aA3C4af7250C0F08E0b4817614914978aB443
DeployModule#Maps - 0x657A983949C7F955224Db58B8F4194c7B220F860
DeployModule#RandomManager - 0x8922594977D72f07741ff2671114610D18F152B6
DeployModule#RenderAft0 - 0xAbcE89d741970b86e7B1D6931D72dB769e51Fb7b
DeployModule#RenderAft1 - 0xD829Bd8dA9F719Bef87E24523c471711D5D75562
DeployModule#RenderAft2 - 0xD36591D468e773a6996dECA1a68bb357865E2838
DeployModule#RenderArmor1 - 0x29A4451CED6184137Be113E0735e6C6CEc0c4FFE
DeployModule#RenderArmor2 - 0xFaDC626A3215B3C8105E820b976EF9744a2dF47d
DeployModule#RenderArmor3 - 0x6011BA0DAcD7c30E8eAf146e6DE73AF90C72fc75
DeployModule#RenderBaseBody - 0x0DDbeCbC26938e3550DDE596042979B7BDd37CE7
DeployModule#RenderFore0 - 0x3d30d18fbCdb5036fd5C383CD81bCd0329651060
DeployModule#RenderFore1 - 0x3e591eD63C1D9E16fB36DFAfb6f5fD77A285b09b
DeployModule#RenderFore2 - 0x78d7cd22C89205ADCB70f5fef419146e2F22B662
DeployModule#RenderForePerfect - 0xb92bA5148FbF9DF337584DE33d81e2e62741a92A
DeployModule#RenderShield1 - 0x86358C5FD442E7b77A8f2CD66c95e1637cF2d601
DeployModule#RenderShield2 - 0xFe80093931b7121aBE97b70b46805271f57659Aa
DeployModule#RenderShield3 - 0xC0dc53107b7856cd3e495Fa480c4D2f556f3f694
DeployModule#RenderSpecial1 - 0xa5a0068B0530D13a4f671781BBF5F8dfC0456f84
DeployModule#RenderSpecial2 - 0x1B6d0B5a19922eFAB4DB526d68C3D20A47405eBa
DeployModule#RenderSpecial3 - 0x851d37C142E5EC892A7cf26f777AC1548a9344fc
DeployModule#RenderWeapon1 - 0x064f943aC1145c11416c8eFAda48d9c351C83396
DeployModule#RenderWeapon2 - 0xB4430b773F587B666d3EB9c4cC82607b5e067B6B
DeployModule#RenderWeapon3 - 0x96f98B09Cd4f770B39bD6D1833e53160FA7A7E69
DeployModule#RenderWeapon4 - 0x8552f7A660ccfBfEc53F30969D1D13766B4DD8Fd
DeployModule#UniversalCredits - 0x31d109a975839A6FEd495a684237255F3D16D380
DeployModule#RenderAft - 0x8ceC78a843bd78bd8638A657ccf9B68ab1a0C5C3
DeployModule#RenderBody - 0xCf72e1B5129959B3C35D20C4A65343446be604Bb
DeployModule#RenderFore - 0x2E7Ce4f19FFC2abA579669712Be990766347c432
DeployModule#RenderSpecial - 0x2A8805619A72da02ed944a7FfdafeB65A72C9A48
DeployModule#RenderWeapon - 0x4A840dC46F8028Afc24244DDE2726C2A1E692ebE
DeployModule#ImageRenderer - 0xa62B512769a997286eA829A388D26E9ccA9105A4
DeployModule#RenderMetadata - 0x9D9127826f2593D19e8F55Cf0fe4994c3E72c801
DeployModule#Ships - 0xc81f8FfC46Fdd72c2678Fd080E5d4655349e300C
DeployModule#Fleets - 0x1266C2286b2D8ed9670918774e681a44f2b5De3C
DeployModule#Lobbies - 0x1603EC47F34E45e2d3B4cfCeC2fe2F2D5477E4b8
DeployModule#ShipAttributes - 0xD40d83267074842dB377a95af277DE2BD0096Aa3
DeployModule#ShipPurchaser - 0xF458Fc05F525C69f2FDBD9a155276B9d809Ff2a6
DeployModule#TutorialClaim - 0x0E86db1A50D9812b274d384db1cb60Ee4BEDFAFB
DeployModule#DroneYard - 0x0fd980d2956F1318201E8C005dBbB8494E7DD369
DeployModule#Game - 0x76234122c5aDadd7A052C7a1Cb7ca12dF71FEE66

Verifying deployed contracts

Error in plugin hardhat-ignition: IGN1002: Verification not natively supported for chainId 84532. Please use a custom chain configuration to add support.

For more info run Hardhat with --show-stack-traces
